<?xml version="1.0" encoding="UTF-8"?>
<coverage generated="1509112594">
  <project timestamp="1509112594">
    <package name="Sunspikes\Ratelimit\Cache\Exception">
      <file name="/Users/user/local-env/php-ratelimiter/src/Cache/Exception/CacheException.php">
        <class name="CacheException" namespace="Sunspikes\Ratelimit\Cache\Exception">
          <metrics methods="0" coveredmethods="0" conditionals="0" coveredconditionals="0" statements="0" coveredstatements="0" elements="0" coveredelements="0"/>
        </class>
        <metrics loc="35" ncloc="9" classes="1" methods="0" coveredmethods="0" conditionals="0" coveredconditionals="0" statements="0" coveredstatements="0" elements="0" coveredelements="0"/>
      </file>
      <file name="/Users/user/local-env/php-ratelimiter/src/Cache/Exception/ItemNotFoundException.php">
        <class name="ItemNotFoundException" namespace="Sunspikes\Ratelimit\Cache\Exception">
          <metrics methods="0" coveredmethods="0" conditionals="0" coveredconditionals="0" statements="0" coveredstatements="0" elements="0" coveredelements="0"/>
        </class>
        <metrics loc="33" ncloc="7" classes="1" methods="0" coveredmethods="0" conditionals="0" coveredconditionals="0" statements="0" coveredstatements="0" elements="0" coveredelements="0"/>
      </file>
    </package>
    <package name="Sunspikes\Ratelimit\Cache">
      <file name="/Users/user/local-env/php-ratelimiter/src/Cache/ThrottlerCache.php">
        <class name="ThrottlerCache" namespace="Sunspikes\Ratelimit\Cache">
          <metrics methods="7" coveredmethods="5" conditionals="0" coveredconditionals="0" statements="26" coveredstatements="22" elements="33" coveredelements="27"/>
        </class>
        <line num="45" type="method" name="__construct" crap="1" count="31"/>
        <line num="47" type="stmt" count="31"/>
        <line num="48" type="stmt" count="31"/>
        <line num="55" type="method" name="getItem" crap="1" count="29"/>
        <line num="57" type="stmt" count="29"/>
        <line num="59" type="stmt" count="18"/>
        <line num="67" type="method" name="hasItem" crap="1" count="1"/>
        <line num="69" type="stmt" count="1"/>
        <line num="77" type="method" name="setItem" crap="1" count="28"/>
        <line num="79" type="stmt" count="28"/>
        <line num="85" type="method" name="removeItem" crap="2" count="0"/>
        <line num="87" type="stmt" count="0"/>
        <line num="88" type="stmt" count="0"/>
        <line num="97" type="method" name="getThrottlerItem" crap="3" count="29"/>
        <line num="100" type="stmt" count="29"/>
        <line num="102" type="stmt" count="28"/>
        <line num="103" type="stmt" count="18"/>
        <line num="104" type="stmt" count="18"/>
        <line num="106" type="stmt" count="28"/>
        <line num="108" type="stmt" count="1"/>
        <line num="111" type="stmt" count="28"/>
        <line num="121" type="method" name="setThrottlerItem" crap="3.05" count="28"/>
        <line num="124" type="stmt" count="28"/>
        <line num="126" type="stmt" count="28"/>
        <line num="127" type="stmt" count="28"/>
        <line num="129" type="stmt" count="0"/>
        <line num="130" type="stmt" count="0"/>
        <line num="133" type="stmt" count="28"/>
        <line num="134" type="stmt" count="28"/>
        <line num="136" type="stmt" count="28"/>
        <line num="137" type="stmt" count="28"/>
        <line num="142" type="stmt" count="28"/>
        <line num="144" type="stmt" count="28"/>
        <metrics loc="145" ncloc="82" classes="1" methods="7" coveredmethods="5" conditionals="0" coveredconditionals="0" statements="26" coveredstatements="22" elements="33" coveredelements="27"/>
      </file>
    </package>
    <file name="/Users/user/local-env/php-ratelimiter/src/Cache/ThrottlerCacheInterface.php">
      <metrics loc="54" ncloc="13" classes="0" methods="0" coveredmethods="0" conditionals="0" coveredconditionals="0" statements="0" coveredstatements="0" elements="0" coveredelements="0"/>
    </file>
    <file name="/Users/user/local-env/php-ratelimiter/src/Cache/ThrottlerItemInterface.php">
      <metrics loc="17" ncloc="9" classes="0" methods="0" coveredmethods="0" conditionals="0" coveredconditionals="0" statements="0" coveredstatements="0" elements="0" coveredelements="0"/>
    </file>
    <package name="Sunspikes\Ratelimit">
      <file name="/Users/user/local-env/php-ratelimiter/src/RateLimiter.php">
        <class name="RateLimiter" namespace="Sunspikes\Ratelimit">
          <metrics methods="3" coveredmethods="2" conditionals="0" coveredconditionals="0" statements="15" coveredstatements="14" elements="18" coveredelements="16"/>
        </class>
        <line num="61" type="method" name="__construct" crap="1" count="32"/>
        <line num="66" type="stmt" count="32"/>
        <line num="67" type="stmt" count="32"/>
        <line num="68" type="stmt" count="32"/>
        <line num="69" type="stmt" count="32"/>
        <line num="74" type="method" name="get" crap="3" count="32"/>
        <line num="76" type="stmt" count="32"/>
        <line num="77" type="stmt" count="1"/>
        <line num="80" type="stmt" count="31"/>
        <line num="82" type="stmt" count="31"/>
        <line num="83" type="stmt" count="31"/>
        <line num="86" type="stmt" count="31"/>
        <line num="95" type="method" name="createThrottler" crap="3.07" count="31"/>
        <line num="97" type="stmt" count="31"/>
        <line num="98" type="stmt" count="29"/>
        <line num="101" type="stmt" count="2"/>
        <line num="102" type="stmt" count="0"/>
        <line num="106" type="stmt" count="31"/>
        <metrics loc="108" ncloc="59" classes="1" methods="3" coveredmethods="2" conditionals="0" coveredconditionals="0" statements="15" coveredstatements="14" elements="18" coveredelements="16"/>
      </file>
    </package>
    <file name="/Users/user/local-env/php-ratelimiter/src/RateLimiterInterface.php">
      <metrics loc="44" ncloc="11" classes="0" methods="0" coveredmethods="0" conditionals="0" coveredconditionals="0" statements="0" coveredstatements="0" elements="0" coveredelements="0"/>
    </file>
    <package name="Sunspikes\Ratelimit\Throttle\Entity">
      <file name="/Users/user/local-env/php-ratelimiter/src/Throttle/Entity/CacheCount.php">
        <class name="CacheCount" namespace="Sunspikes\Ratelimit\Throttle\Entity">
          <metrics methods="5" coveredmethods="5" conditionals="0" coveredconditionals="0" statements="10" coveredstatements="10" elements="15" coveredelements="15"/>
        </class>
        <line num="19" type="method" name="__construct" crap="1" count="23"/>
        <line num="21" type="stmt" count="23"/>
        <line num="22" type="stmt" count="23"/>
        <line num="23" type="stmt" count="23"/>
        <line num="30" type="method" name="createFromArray" crap="1" count="6"/>
        <line num="32" type="stmt" count="6"/>
        <line num="33" type="stmt" count="6"/>
        <line num="34" type="stmt" count="6"/>
        <line num="41" type="method" name="jsonSerialize" crap="1" count="23"/>
        <line num="44" type="stmt" count="23"/>
        <line num="45" type="stmt" count="23"/>
        <line num="52" type="method" name="getCount" crap="1" count="5"/>
        <line num="54" type="stmt" count="5"/>
        <line num="60" type="method" name="getTtl" crap="1" count="22"/>
        <line num="62" type="stmt" count="22"/>
        <metrics loc="63" ncloc="43" classes="1" methods="5" coveredmethods="5" conditionals="0" coveredconditionals="0" statements="10" coveredstatements="10" elements="15" coveredelements="15"/>
      </file>
      <file name="/Users/user/local-env/php-ratelimiter/src/Throttle/Entity/CacheHitMapping.php">
        <class name="CacheHitMapping" namespace="Sunspikes\Ratelimit\Throttle\Entity">
          <metrics methods="5" coveredmethods="5" conditionals="0" coveredconditionals="0" statements="10" coveredstatements="10" elements="15" coveredelements="15"/>
        </class>
        <line num="19" type="method" name="__construct" crap="1" count="6"/>
        <line num="21" type="stmt" count="6"/>
        <line num="22" type="stmt" count="6"/>
        <line num="23" type="stmt" count="6"/>
        <line num="30" type="method" name="createFromArray" crap="1" count="1"/>
        <line num="32" type="stmt" count="1"/>
        <line num="33" type="stmt" count="1"/>
        <line num="34" type="stmt" count="1"/>
        <line num="41" type="method" name="jsonSerialize" crap="1" count="6"/>
        <line num="44" type="stmt" count="6"/>
        <line num="45" type="stmt" count="6"/>
        <line num="52" type="method" name="getHitMapping" crap="1" count="1"/>
        <line num="54" type="stmt" count="1"/>
        <line num="60" type="method" name="getTtl" crap="1" count="6"/>
        <line num="62" type="stmt" count="6"/>
        <metrics loc="63" ncloc="43" classes="1" methods="5" coveredmethods="5" conditionals="0" coveredconditionals="0" statements="10" coveredstatements="10" elements="15" coveredelements="15"/>
      </file>
      <file name="/Users/user/local-env/php-ratelimiter/src/Throttle/Entity/CacheTime.php">
        <class name="CacheTime" namespace="Sunspikes\Ratelimit\Throttle\Entity">
          <metrics methods="5" coveredmethods="5" conditionals="0" coveredconditionals="0" statements="10" coveredstatements="10" elements="15" coveredelements="15"/>
        </class>
        <line num="19" type="method" name="__construct" crap="1" count="16"/>
        <line num="21" type="stmt" count="16"/>
        <line num="22" type="stmt" count="16"/>
        <line num="23" type="stmt" count="16"/>
        <line num="30" type="method" name="createFromArray" crap="1" count="16"/>
        <line num="32" type="stmt" count="16"/>
        <line num="33" type="stmt" count="16"/>
        <line num="34" type="stmt" count="16"/>
        <line num="41" type="method" name="jsonSerialize" crap="1" count="16"/>
        <line num="44" type="stmt" count="16"/>
        <line num="45" type="stmt" count="16"/>
        <line num="52" type="method" name="getTime" crap="1" count="16"/>
        <line num="54" type="stmt" count="16"/>
        <line num="60" type="method" name="getTtl" crap="1" count="16"/>
        <line num="62" type="stmt" count="16"/>
        <metrics loc="63" ncloc="43" classes="1" methods="5" coveredmethods="5" conditionals="0" coveredconditionals="0" statements="10" coveredstatements="10" elements="15" coveredelements="15"/>
      </file>
      <file name="/Users/user/local-env/php-ratelimiter/src/Throttle/Entity/Data.php">
        <class name="Data" namespace="Sunspikes\Ratelimit\Throttle\Entity">
          <metrics methods="3" coveredmethods="3" conditionals="0" coveredconditionals="0" statements="6" coveredstatements="6" elements="9" coveredelements="9"/>
        </class>
        <line num="43" type="method" name="__construct" crap="1" count="45"/>
        <line num="45" type="stmt" count="45"/>
        <line num="46" type="stmt" count="45"/>
        <line num="53" type="method" name="getData" crap="1" count="1"/>
        <line num="55" type="stmt" count="1"/>
        <line num="63" type="method" name="getKey" crap="2" count="38"/>
        <line num="65" type="stmt" count="38"/>
        <line num="66" type="stmt" count="38"/>
        <line num="69" type="stmt" count="38"/>
        <metrics loc="71" ncloc="29" classes="1" methods="3" coveredmethods="3" conditionals="0" coveredconditionals="0" statements="6" coveredstatements="6" elements="9" coveredelements="9"/>
      </file>
    </package>
    <package name="Sunspikes\Ratelimit\Throttle\Exception">
      <file name="/Users/user/local-env/php-ratelimiter/src/Throttle/Exception/InvalidDataTypeException.php">
        <class name="InvalidDataTypeException" namespace="Sunspikes\Ratelimit\Throttle\Exception">
          <metrics methods="0" coveredmethods="0" conditionals="0" coveredconditionals="0" statements="0" coveredstatements="0" elements="0" coveredelements="0"/>
        </class>
        <metrics loc="33" ncloc="7" classes="1" methods="0" coveredmethods="0" conditionals="0" coveredconditionals="0" statements="0" coveredstatements="0" elements="0" coveredelements="0"/>
      </file>
    </package>
    <file name="/Users/user/local-env/php-ratelimiter/src/Throttle/Factory/FactoryInterface.php">
      <metrics loc="44" ncloc="12" classes="0" methods="0" coveredmethods="0" conditionals="0" coveredconditionals="0" statements="0" coveredstatements="0" elements="0" coveredelements="0"/>
    </file>
    <package name="Sunspikes\Ratelimit\Throttle\Factory">
      <file name="/Users/user/local-env/php-ratelimiter/src/Throttle/Factory/ThrottlerFactory.php">
        <class name="ThrottlerFactory" namespace="Sunspikes\Ratelimit\Throttle\Factory">
          <metrics methods="3" coveredmethods="3" conditionals="0" coveredconditionals="0" statements="13" coveredstatements="13" elements="16" coveredelements="16"/>
        </class>
        <line num="44" type="method" name="__construct" crap="1" count="37"/>
        <line num="46" type="stmt" count="37"/>
        <line num="47" type="stmt" count="37"/>
        <line num="52" type="method" name="make" crap="2" count="37"/>
        <line num="54" type="stmt" count="37"/>
        <line num="55" type="stmt" count="2"/>
        <line num="58" type="stmt" count="35"/>
        <line num="67" type="method" name="createThrottler" crap="2" count="9"/>
        <line num="69" type="stmt" count="9"/>
        <line num="70" type="stmt" count="7"/>
        <line num="71" type="stmt" count="7"/>
        <line num="72" type="stmt" count="7"/>
        <line num="73" type="stmt" count="7"/>
        <line num="74" type="stmt" count="7"/>
        <line num="78" type="stmt" count="2"/>
        <line num="79" type="stmt" count="2"/>
        <metrics loc="82" ncloc="44" classes="1" methods="3" coveredmethods="3" conditionals="0" coveredconditionals="0" statements="13" coveredstatements="13" elements="16" coveredelements="16"/>
      </file>
      <file name="/Users/user/local-env/php-ratelimiter/src/Throttle/Factory/TimeAwareThrottlerFactory.php">
        <class name="TimeAwareThrottlerFactory" namespace="Sunspikes\Ratelimit\Throttle\Factory">
          <metrics methods="3" coveredmethods="3" conditionals="0" coveredconditionals="0" statements="34" coveredstatements="34" elements="37" coveredelements="37"/>
        </class>
        <line num="53" type="method" name="__construct" crap="1" count="29"/>
        <line num="55" type="stmt" count="29"/>
        <line num="56" type="stmt" count="29"/>
        <line num="57" type="stmt" count="29"/>
        <line num="62" type="method" name="createThrottler" crap="2" count="28"/>
        <line num="64" type="stmt" count="28"/>
        <line num="65" type="stmt" count="6"/>
        <line num="66" type="stmt" count="6"/>
        <line num="67" type="stmt" count="6"/>
        <line num="71" type="stmt" count="22"/>
        <line num="80" type="method" name="createNestableController" crap="4" count="28"/>
        <line num="82" type="stmt" count="28"/>
        <line num="83" type="stmt" count="6"/>
        <line num="84" type="stmt" count="6"/>
        <line num="85" type="stmt" count="6"/>
        <line num="86" type="stmt" count="6"/>
        <line num="87" type="stmt" count="6"/>
        <line num="88" type="stmt" count="6"/>
        <line num="89" type="stmt" count="6"/>
        <line num="90" type="stmt" count="6"/>
        <line num="94" type="stmt" count="22"/>
        <line num="95" type="stmt" count="8"/>
        <line num="96" type="stmt" count="8"/>
        <line num="97" type="stmt" count="8"/>
        <line num="98" type="stmt" count="8"/>
        <line num="99" type="stmt" count="8"/>
        <line num="100" type="stmt" count="8"/>
        <line num="101" type="stmt" count="8"/>
        <line num="105" type="stmt" count="14"/>
        <line num="106" type="stmt" count="12"/>
        <line num="107" type="stmt" count="12"/>
        <line num="108" type="stmt" count="12"/>
        <line num="109" type="stmt" count="12"/>
        <line num="110" type="stmt" count="12"/>
        <line num="111" type="stmt" count="12"/>
        <line num="112" type="stmt" count="12"/>
        <line num="116" type="stmt" count="2"/>
        <metrics loc="118" ncloc="79" classes="1" methods="3" coveredmethods="3" conditionals="0" coveredconditionals="0" statements="34" coveredstatements="34" elements="37" coveredelements="37"/>
      </file>
    </package>
    <package name="Sunspikes\Ratelimit\Throttle\Hydrator">
      <file name="/Users/user/local-env/php-ratelimiter/src/Throttle/Hydrator/ArrayHydrator.php">
        <class name="ArrayHydrator" namespace="Sunspikes\Ratelimit\Throttle\Hydrator">
          <metrics methods="1" coveredmethods="1" conditionals="0" coveredconditionals="0" statements="2" coveredstatements="2" elements="3" coveredelements="3"/>
        </class>
        <line num="35" type="method" name="hydrate" crap="1" count="1"/>
        <line num="37" type="stmt" count="1"/>
        <line num="39" type="stmt" count="1"/>
        <metrics loc="41" ncloc="15" classes="1" methods="1" coveredmethods="1" conditionals="0" coveredconditionals="0" statements="2" coveredstatements="2" elements="3" coveredelements="3"/>
      </file>
      <file name="/Users/user/local-env/php-ratelimiter/src/Throttle/Hydrator/HydratorFactory.php">
        <class name="HydratorFactory" namespace="Sunspikes\Ratelimit\Throttle\Hydrator">
          <metrics methods="1" coveredmethods="1" conditionals="0" coveredconditionals="0" statements="5" coveredstatements="5" elements="6" coveredelements="6"/>
        </class>
        <line num="38" type="method" name="make" crap="3" count="30"/>
        <line num="40" type="stmt" count="30"/>
        <line num="41" type="stmt" count="28"/>
        <line num="44" type="stmt" count="2"/>
        <line num="45" type="stmt" count="1"/>
        <line num="48" type="stmt" count="1"/>
        <metrics loc="50" ncloc="21" classes="1" methods="1" coveredmethods="1" conditionals="0" coveredconditionals="0" statements="5" coveredstatements="5" elements="6" coveredelements="6"/>
      </file>
      <file name="/Users/user/local-env/php-ratelimiter/src/Throttle/Hydrator/StringHydrator.php">
        <class name="StringHydrator" namespace="Sunspikes\Ratelimit\Throttle\Hydrator">
          <metrics methods="1" coveredmethods="1" conditionals="0" coveredconditionals="0" statements="1" coveredstatements="1" elements="2" coveredelements="2"/>
        </class>
        <line num="35" type="method" name="hydrate" crap="1" count="28"/>
        <line num="37" type="stmt" count="28"/>
        <metrics loc="39" ncloc="13" classes="1" methods="1" coveredmethods="1" conditionals="0" coveredconditionals="0" statements="1" coveredstatements="1" elements="2" coveredelements="2"/>
      </file>
    </package>
    <file name="/Users/user/local-env/php-ratelimiter/src/Throttle/Hydrator/DataHydratorInterface.php">
      <metrics loc="38" ncloc="8" classes="0" methods="0" coveredmethods="0" conditionals="0" coveredconditionals="0" statements="0" coveredstatements="0" elements="0" coveredelements="0"/>
    </file>
    <file name="/Users/user/local-env/php-ratelimiter/src/Throttle/Hydrator/FactoryInterface.php">
      <metrics loc="46" ncloc="10" classes="0" methods="0" coveredmethods="0" conditionals="0" coveredconditionals="0" statements="0" coveredstatements="0" elements="0" coveredelements="0"/>
    </file>
    <package name="Sunspikes\Ratelimit\Throttle\Settings">
      <file name="/Users/user/local-env/php-ratelimiter/src/Throttle/Settings/AbstractWindowSettings.php">
        <class name="AbstractWindowSettings" namespace="Sunspikes\Ratelimit\Throttle\Settings">
          <metrics methods="6" coveredmethods="6" conditionals="0" coveredconditionals="0" statements="17" coveredstatements="17" elements="23" coveredelements="23"/>
        </class>
        <line num="50" type="method" name="__construct" crap="1" count="36"/>
        <line num="52" type="stmt" count="36"/>
        <line num="53" type="stmt" count="36"/>
        <line num="54" type="stmt" count="36"/>
        <line num="55" type="stmt" count="36"/>
        <line num="60" type="method" name="merge" crap="5" count="6"/>
        <line num="62" type="stmt" count="6"/>
        <line num="63" type="stmt" count="2"/>
        <line num="64" type="stmt" count="2"/>
        <line num="68" type="stmt" count="4"/>
        <line num="69" type="stmt" count="4"/>
        <line num="70" type="stmt" count="4"/>
        <line num="71" type="stmt" count="4"/>
        <line num="78" type="method" name="isValid" crap="3" count="30"/>
        <line num="81" type="stmt" count="30"/>
        <line num="82" type="stmt" count="30"/>
        <line num="83" type="stmt" count="30"/>
        <line num="89" type="method" name="getHitLimit" crap="1" count="24"/>
        <line num="91" type="stmt" count="24"/>
        <line num="97" type="method" name="getTimeLimit" crap="1" count="24"/>
        <line num="99" type="stmt" count="24"/>
        <line num="105" type="method" name="getCacheTtl" crap="1" count="24"/>
        <line num="107" type="stmt" count="24"/>
        <metrics loc="109" ncloc="57" classes="1" methods="6" coveredmethods="6" conditionals="0" coveredconditionals="0" statements="17" coveredstatements="17" elements="23" coveredelements="23"/>
      </file>
      <file name="/Users/user/local-env/php-ratelimiter/src/Throttle/Settings/ElasticWindowSettings.php">
        <class name="ElasticWindowSettings" namespace="Sunspikes\Ratelimit\Throttle\Settings">
          <metrics methods="5" coveredmethods="5" conditionals="0" coveredconditionals="0" statements="12" coveredstatements="12" elements="17" coveredelements="17"/>
        </class>
        <line num="44" type="method" name="__construct" crap="1" count="17"/>
        <line num="46" type="stmt" count="17"/>
        <line num="47" type="stmt" count="17"/>
        <line num="48" type="stmt" count="17"/>
        <line num="53" type="method" name="merge" crap="4" count="3"/>
        <line num="55" type="stmt" count="3"/>
        <line num="56" type="stmt" count="1"/>
        <line num="57" type="stmt" count="1"/>
        <line num="61" type="stmt" count="2"/>
        <line num="62" type="stmt" count="2"/>
        <line num="63" type="stmt" count="2"/>
        <line num="70" type="method" name="isValid" crap="2" count="13"/>
        <line num="72" type="stmt" count="13"/>
        <line num="78" type="method" name="getLimit" crap="1" count="9"/>
        <line num="80" type="stmt" count="9"/>
        <line num="86" type="method" name="getTime" crap="1" count="9"/>
        <line num="88" type="stmt" count="9"/>
        <metrics loc="90" ncloc="45" classes="1" methods="5" coveredmethods="5" conditionals="0" coveredconditionals="0" statements="12" coveredstatements="12" elements="17" coveredelements="17"/>
      </file>
      <file name="/Users/user/local-env/php-ratelimiter/src/Throttle/Settings/FixedWindowSettings.php">
        <class name="FixedWindowSettings" namespace="Sunspikes\Ratelimit\Throttle\Settings">
          <metrics methods="0" coveredmethods="0" conditionals="0" coveredconditionals="0" statements="0" coveredstatements="0" elements="0" coveredelements="0"/>
        </class>
        <metrics loc="30" ncloc="7" classes="1" methods="0" coveredmethods="0" conditionals="0" coveredconditionals="0" statements="0" coveredstatements="0" elements="0" coveredelements="0"/>
      </file>
      <file name="/Users/user/local-env/php-ratelimiter/src/Throttle/Settings/LeakyBucketSettings.php">
        <class name="LeakyBucketSettings" namespace="Sunspikes\Ratelimit\Throttle\Settings">
          <metrics methods="7" coveredmethods="7" conditionals="0" coveredconditionals="0" statements="20" coveredstatements="20" elements="27" coveredelements="27"/>
        </class>
        <line num="56" type="method" name="__construct" crap="1" count="15"/>
        <line num="58" type="stmt" count="15"/>
        <line num="59" type="stmt" count="15"/>
        <line num="60" type="stmt" count="15"/>
        <line num="61" type="stmt" count="15"/>
        <line num="62" type="stmt" count="15"/>
        <line num="67" type="method" name="merge" crap="6" count="3"/>
        <line num="69" type="stmt" count="3"/>
        <line num="70" type="stmt" count="1"/>
        <line num="71" type="stmt" count="1"/>
        <line num="75" type="stmt" count="2"/>
        <line num="76" type="stmt" count="2"/>
        <line num="77" type="stmt" count="2"/>
        <line num="78" type="stmt" count="2"/>
        <line num="79" type="stmt" count="2"/>
        <line num="86" type="method" name="isValid" crap="3" count="12"/>
        <line num="89" type="stmt" count="12"/>
        <line num="90" type="stmt" count="12"/>
        <line num="91" type="stmt" count="12"/>
        <line num="97" type="method" name="getTokenLimit" crap="1" count="8"/>
        <line num="99" type="stmt" count="8"/>
        <line num="105" type="method" name="getTimeLimit" crap="1" count="8"/>
        <line num="107" type="stmt" count="8"/>
        <line num="113" type="method" name="getThreshold" crap="1" count="8"/>
        <line num="115" type="stmt" count="8"/>
        <line num="121" type="method" name="getCacheTtl" crap="1" count="8"/>
        <line num="123" type="stmt" count="8"/>
        <metrics loc="125" ncloc="66" classes="1" methods="7" coveredmethods="7" conditionals="0" coveredconditionals="0" statements="20" coveredstatements="20" elements="27" coveredelements="27"/>
      </file>
      <file name="/Users/user/local-env/php-ratelimiter/src/Throttle/Settings/MovingWindowSettings.php">
        <class name="MovingWindowSettings" namespace="Sunspikes\Ratelimit\Throttle\Settings">
          <metrics methods="0" coveredmethods="0" conditionals="0" coveredconditionals="0" statements="0" coveredstatements="0" elements="0" coveredelements="0"/>
        </class>
        <metrics loc="30" ncloc="7" classes="1" methods="0" coveredmethods="0" conditionals="0" coveredconditionals="0" statements="0" coveredstatements="0" elements="0" coveredelements="0"/>
      </file>
      <file name="/Users/user/local-env/php-ratelimiter/src/Throttle/Settings/RetrialQueueSettings.php">
        <class name="RetrialQueueSettings" namespace="Sunspikes\Ratelimit\Throttle\Settings">
          <metrics methods="4" coveredmethods="3" conditionals="0" coveredconditionals="0" statements="8" coveredstatements="4" elements="12" coveredelements="7"/>
        </class>
        <line num="38" type="method" name="__construct" crap="1" count="6"/>
        <line num="40" type="stmt" count="6"/>
        <line num="41" type="stmt" count="6"/>
        <line num="46" type="method" name="merge" crap="6" count="0"/>
        <line num="48" type="stmt" count="0"/>
        <line num="49" type="stmt" count="0"/>
        <line num="50" type="stmt" count="0"/>
        <line num="54" type="stmt" count="0"/>
        <line num="60" type="method" name="isValid" crap="1" count="6"/>
        <line num="62" type="stmt" count="6"/>
        <line num="68" type="method" name="getInternalThrottlerSettings" crap="1" count="6"/>
        <line num="70" type="stmt" count="6"/>
        <metrics loc="72" ncloc="34" classes="1" methods="4" coveredmethods="3" conditionals="0" coveredconditionals="0" statements="8" coveredstatements="4" elements="12" coveredelements="7"/>
      </file>
    </package>
    <file name="/Users/user/local-env/php-ratelimiter/src/Throttle/Settings/ThrottleSettingsInterface.php">
      <metrics loc="41" ncloc="10" classes="0" methods="0" coveredmethods="0" conditionals="0" coveredconditionals="0" statements="0" coveredstatements="0" elements="0" coveredelements="0"/>
    </file>
    <package name="Sunspikes\Ratelimit\Throttle\Throttler">
      <file name="/Users/user/local-env/php-ratelimiter/src/Throttle/Throttler/AbstractWindowThrottler.php">
        <class name="AbstractWindowThrottler" namespace="Sunspikes\Ratelimit\Throttle\Throttler">
          <metrics methods="5" coveredmethods="3" conditionals="0" coveredconditionals="0" statements="13" coveredstatements="11" elements="18" coveredelements="14"/>
        </class>
        <line num="71" type="method" name="__construct" crap="1" count="20"/>
        <line num="79" type="stmt" count="20"/>
        <line num="80" type="stmt" count="20"/>
        <line num="81" type="stmt" count="20"/>
        <line num="82" type="stmt" count="20"/>
        <line num="83" type="stmt" count="20"/>
        <line num="84" type="stmt" count="20"/>
        <line num="85" type="stmt" count="20"/>
        <line num="90" type="method" name="access" crap="1" count="4"/>
        <line num="92" type="stmt" count="4"/>
        <line num="93" type="stmt" count="4"/>
        <line num="95" type="stmt" count="4"/>
        <line num="102" type="method" name="check" crap="1" count="13"/>
        <line num="104" type="stmt" count="13"/>
        <line num="110" type="method" name="getTime" crap="2" count="0"/>
        <line num="112" type="stmt" count="0"/>
        <line num="118" type="method" name="getLimit" crap="2" count="0"/>
        <line num="120" type="stmt" count="0"/>
        <metrics loc="132" ncloc="65" classes="1" methods="5" coveredmethods="3" conditionals="0" coveredconditionals="0" statements="13" coveredstatements="11" elements="18" coveredelements="14"/>
      </file>
      <file name="/Users/user/local-env/php-ratelimiter/src/Throttle/Throttler/ElasticWindowThrottler.php">
        <class name="ElasticWindowThrottler" namespace="Sunspikes\Ratelimit\Throttle\Throttler">
          <metrics methods="9" coveredmethods="5" conditionals="0" coveredconditionals="0" statements="29" coveredstatements="23" elements="38" coveredelements="28"/>
        </class>
        <line num="51" type="method" name="__construct" crap="1" count="7"/>
        <line num="53" type="stmt" count="7"/>
        <line num="54" type="stmt" count="7"/>
        <line num="55" type="stmt" count="7"/>
        <line num="56" type="stmt" count="7"/>
        <line num="57" type="stmt" count="7"/>
        <line num="62" type="method" name="access" crap="1" count="2"/>
        <line num="64" type="stmt" count="2"/>
        <line num="66" type="stmt" count="2"/>
        <line num="68" type="stmt" count="2"/>
        <line num="74" type="method" name="hit" crap="1" count="5"/>
        <line num="76" type="stmt" count="5"/>
        <line num="77" type="stmt" count="5"/>
        <line num="79" type="stmt" count="5"/>
        <line num="81" type="stmt" count="5"/>
        <line num="87" type="method" name="clear" crap="1" count="1"/>
        <line num="89" type="stmt" count="1"/>
        <line num="90" type="stmt" count="1"/>
        <line num="92" type="stmt" count="1"/>
        <line num="94" type="stmt" count="1"/>
        <line num="100" type="method" name="count" crap="3.03" count="5"/>
        <line num="102" type="stmt" count="5"/>
        <line num="103" type="stmt" count="5"/>
        <line num="108" type="stmt" count="5"/>
        <line num="109" type="stmt" count="0"/>
        <line num="110" type="stmt" count="5"/>
        <line num="111" type="stmt" count="5"/>
        <line num="114" type="stmt" count="5"/>
        <line num="120" type="method" name="check" crap="1" count="4"/>
        <line num="122" type="stmt" count="4"/>
        <line num="128" type="method" name="getTime" crap="2" count="0"/>
        <line num="130" type="stmt" count="0"/>
        <line num="136" type="method" name="getLimit" crap="2" count="0"/>
        <line num="138" type="stmt" count="0"/>
        <line num="144" type="method" name="getRetryTimeout" crap="6" count="0"/>
        <line num="146" type="stmt" count="0"/>
        <line num="147" type="stmt" count="0"/>
        <line num="150" type="stmt" count="0"/>
        <metrics loc="152" ncloc="93" classes="1" methods="9" coveredmethods="5" conditionals="0" coveredconditionals="0" statements="29" coveredstatements="23" elements="38" coveredelements="28"/>
      </file>
      <file name="/Users/user/local-env/php-ratelimiter/src/Throttle/Throttler/FixedWindowThrottler.php">
        <class name="FixedWindowThrottler" namespace="Sunspikes\Ratelimit\Throttle\Throttler">
          <metrics methods="8" coveredmethods="7" conditionals="0" coveredconditionals="0" statements="32" coveredstatements="30" elements="40" coveredelements="37"/>
        </class>
        <line num="45" type="method" name="hit" crap="3" count="11"/>
        <line num="47" type="stmt" count="11"/>
        <line num="48" type="stmt" count="11"/>
        <line num="52" type="stmt" count="11"/>
        <line num="53" type="stmt" count="9"/>
        <line num="54" type="stmt" count="9"/>
        <line num="56" type="stmt" count="11"/>
        <line num="57" type="stmt" count="11"/>
        <line num="60" type="stmt" count="11"/>
        <line num="66" type="method" name="count" crap="3" count="11"/>
        <line num="70" type="stmt" count="11"/>
        <line num="71" type="stmt" count="11"/>
        <line num="72" type="stmt" count="1"/>
        <line num="75" type="stmt" count="11"/>
        <line num="76" type="stmt" count="11"/>
        <line num="77" type="stmt" count="11"/>
        <line num="84" type="method" name="clear" crap="1" count="2"/>
        <line num="86" type="stmt" count="2"/>
        <line num="87" type="stmt" count="2"/>
        <line num="88" type="stmt" count="2"/>
        <line num="89" type="stmt" count="2"/>
        <line num="94" type="method" name="getRetryTimeout" crap="2" count="5"/>
        <line num="96" type="stmt" count="5"/>
        <line num="97" type="stmt" count="5"/>
        <line num="103" type="stmt" count="1"/>
        <line num="105" type="stmt" count="1"/>
        <line num="113" type="method" name="getCachedHitCount" crap="2.50" count="11"/>
        <line num="115" type="stmt" count="11"/>
        <line num="116" type="stmt" count="11"/>
        <line num="119" type="stmt" count="0"/>
        <line num="121" type="stmt" count="0"/>
        <line num="127" type="method" name="setCachedHitCount" crap="1" count="11"/>
        <line num="129" type="stmt" count="11"/>
        <line num="130" type="stmt" count="11"/>
        <line num="131" type="stmt" count="11"/>
        <line num="132" type="stmt" count="11"/>
        <line num="137" type="method" name="getHitsCacheKey" crap="1" count="11"/>
        <line num="139" type="stmt" count="11"/>
        <line num="145" type="method" name="getTimeCacheKey" crap="1" count="11"/>
        <line num="147" type="stmt" count="11"/>
        <metrics loc="149" ncloc="87" classes="1" methods="8" coveredmethods="7" conditionals="0" coveredconditionals="0" statements="32" coveredstatements="30" elements="40" coveredelements="37"/>
      </file>
      <file name="/Users/user/local-env/php-ratelimiter/src/Throttle/Throttler/LeakyBucketThrottler.php">
        <class name="LeakyBucketThrottler" namespace="Sunspikes\Ratelimit\Throttle\Throttler">
          <metrics methods="13" coveredmethods="9" conditionals="0" coveredconditionals="0" statements="41" coveredstatements="35" elements="54" coveredelements="44"/>
        </class>
        <line num="83" type="method" name="__construct" crap="2" count="6"/>
        <line num="92" type="stmt" count="6"/>
        <line num="93" type="stmt" count="6"/>
        <line num="94" type="stmt" count="6"/>
        <line num="95" type="stmt" count="6"/>
        <line num="96" type="stmt" count="6"/>
        <line num="97" type="stmt" count="6"/>
        <line num="98" type="stmt" count="6"/>
        <line num="99" type="stmt" count="6"/>
        <line num="104" type="method" name="access" crap="1" count="2"/>
        <line num="106" type="stmt" count="2"/>
        <line num="112" type="method" name="hit" crap="2" count="5"/>
        <line num="114" type="stmt" count="5"/>
        <line num="116" type="stmt" count="5"/>
        <line num="118" type="stmt" count="5"/>
        <line num="119" type="stmt" count="1"/>
        <line num="122" type="stmt" count="5"/>
        <line num="128" type="method" name="clear" crap="1" count="5"/>
        <line num="130" type="stmt" count="5"/>
        <line num="131" type="stmt" count="5"/>
        <line num="136" type="method" name="count" crap="3.01" count="5"/>
        <line num="140" type="stmt" count="5"/>
        <line num="141" type="stmt" count="5"/>
        <line num="143" type="stmt" count="5"/>
        <line num="144" type="stmt" count="0"/>
        <line num="148" type="stmt" count="5"/>
        <line num="149" type="stmt" count="5"/>
        <line num="150" type="stmt" count="5"/>
        <line num="152" type="stmt" count="5"/>
        <line num="156" type="stmt" count="5"/>
        <line num="162" type="method" name="check" crap="1" count="2"/>
        <line num="164" type="stmt" count="2"/>
        <line num="170" type="method" name="getTime" crap="2" count="0"/>
        <line num="172" type="stmt" count="0"/>
        <line num="178" type="method" name="getLimit" crap="2" count="0"/>
        <line num="180" type="stmt" count="0"/>
        <line num="186" type="method" name="getRetryTimeout" crap="6" count="0"/>
        <line num="188" type="stmt" count="0"/>
        <line num="189" type="stmt" count="0"/>
        <line num="192" type="stmt" count="0"/>
        <line num="200" type="method" name="getWaitTime" crap="2" count="5"/>
        <line num="202" type="stmt" count="5"/>
        <line num="203" type="stmt" count="5"/>
        <line num="206" type="stmt" count="2"/>
        <line num="212" type="method" name="setUsedCapacity" crap="1" count="5"/>
        <line num="214" type="stmt" count="5"/>
        <line num="215" type="stmt" count="5"/>
        <line num="217" type="stmt" count="5"/>
        <line num="218" type="stmt" count="5"/>
        <line num="219" type="stmt" count="5"/>
        <line num="224" type="method" name="getTokenCacheKey" crap="1" count="5"/>
        <line num="226" type="stmt" count="5"/>
        <line num="232" type="method" name="getTimeCacheKey" crap="1" count="5"/>
        <line num="234" type="stmt" count="5"/>
        <metrics loc="236" ncloc="139" classes="1" methods="13" coveredmethods="9" conditionals="0" coveredconditionals="0" statements="41" coveredstatements="35" elements="54" coveredelements="44"/>
      </file>
      <file name="/Users/user/local-env/php-ratelimiter/src/Throttle/Throttler/MovingWindowThrottler.php">
        <class name="MovingWindowThrottler" namespace="Sunspikes\Ratelimit\Throttle\Throttler">
          <metrics methods="6" coveredmethods="5" conditionals="0" coveredconditionals="0" statements="29" coveredstatements="21" elements="35" coveredelements="26"/>
        </class>
        <line num="43" type="method" name="hit" crap="2" count="6"/>
        <line num="45" type="stmt" count="6"/>
        <line num="46" type="stmt" count="6"/>
        <line num="48" type="stmt" count="6"/>
        <line num="49" type="stmt" count="6"/>
        <line num="53" type="stmt" count="6"/>
        <line num="55" type="stmt" count="6"/>
        <line num="56" type="stmt" count="6"/>
        <line num="58" type="stmt" count="6"/>
        <line num="64" type="method" name="count" crap="1" count="6"/>
        <line num="66" type="stmt" count="6"/>
        <line num="68" type="stmt" count="6"/>
        <line num="74" type="method" name="getRetryTimeout" crap="20" count="0"/>
        <line num="76" type="stmt" count="0"/>
        <line num="77" type="stmt" count="0"/>
        <line num="82" type="stmt" count="0"/>
        <line num="83" type="stmt" count="0"/>
        <line num="84" type="stmt" count="0"/>
        <line num="85" type="stmt" count="0"/>
        <line num="86" type="stmt" count="0"/>
        <line num="91" type="stmt" count="0"/>
        <line num="97" type="method" name="clear" crap="1" count="1"/>
        <line num="99" type="stmt" count="1"/>
        <line num="101" type="stmt" count="1"/>
        <line num="102" type="stmt" count="1"/>
        <line num="103" type="stmt" count="1"/>
        <line num="105" type="method" name="updateHitCount" crap="3" count="6"/>
        <line num="109" type="stmt" count="6"/>
        <line num="111" type="stmt" count="6"/>
        <line num="112" type="stmt" count="6"/>
        <line num="114" type="stmt" count="6"/>
        <line num="116" type="stmt" count="6"/>
        <line num="119" type="method" name="anonymous function" crap="1" count="6"/>
        <line num="120" type="stmt" count="5"/>
        <line num="121" type="stmt" count="6"/>
        <line num="123" type="stmt" count="6"/>
        <line num="124" type="stmt" count="6"/>
        <metrics loc="125" ncloc="74" classes="1" methods="6" coveredmethods="5" conditionals="0" coveredconditionals="0" statements="31" coveredstatements="23" elements="37" coveredelements="28"/>
      </file>
      <file name="/Users/user/local-env/php-ratelimiter/src/Throttle/Throttler/RetrialQueueThrottler.php">
        <class name="RetrialQueueThrottler" namespace="Sunspikes\Ratelimit\Throttle\Throttler">
          <metrics methods="8" coveredmethods="6" conditionals="0" coveredconditionals="0" statements="15" coveredstatements="13" elements="23" coveredelements="19"/>
        </class>
        <line num="46" type="method" name="__construct" crap="1" count="6"/>
        <line num="48" type="stmt" count="6"/>
        <line num="49" type="stmt" count="6"/>
        <line num="50" type="stmt" count="6"/>
        <line num="55" type="method" name="access" crap="1" count="2"/>
        <line num="57" type="stmt" count="2"/>
        <line num="58" type="stmt" count="2"/>
        <line num="60" type="stmt" count="2"/>
        <line num="66" type="method" name="hit" crap="2" count="5"/>
        <line num="68" type="stmt" count="5"/>
        <line num="69" type="stmt" count="1"/>
        <line num="72" type="stmt" count="5"/>
        <line num="78" type="method" name="clear" crap="1" count="1"/>
        <line num="80" type="stmt" count="1"/>
        <line num="81" type="stmt" count="1"/>
        <line num="86" type="method" name="count" crap="1" count="2"/>
        <line num="88" type="stmt" count="2"/>
        <line num="94" type="method" name="check" crap="1" count="4"/>
        <line num="96" type="stmt" count="4"/>
        <line num="102" type="method" name="getTime" crap="2" count="0"/>
        <line num="104" type="stmt" count="0"/>
        <line num="110" type="method" name="getLimit" crap="2" count="0"/>
        <line num="112" type="stmt" count="0"/>
        <metrics loc="114" ncloc="60" classes="1" methods="8" coveredmethods="6" conditionals="0" coveredconditionals="0" statements="15" coveredstatements="13" elements="23" coveredelements="19"/>
      </file>
    </package>
    <file name="/Users/user/local-env/php-ratelimiter/src/Throttle/Throttler/RetriableThrottlerInterface.php">
      <metrics loc="36" ncloc="8" classes="0" methods="0" coveredmethods="0" conditionals="0" coveredconditionals="0" statements="0" coveredstatements="0" elements="0" coveredelements="0"/>
    </file>
    <file name="/Users/user/local-env/php-ratelimiter/src/Throttle/Throttler/ThrottlerInterface.php">
      <metrics loc="81" ncloc="23" classes="0" methods="0" coveredmethods="0" conditionals="0" coveredconditionals="0" statements="0" coveredstatements="0" elements="0" coveredelements="0"/>
    </file>
    <file name="/Users/user/local-env/php-ratelimiter/src/Time/TimeAdapterInterface.php">
      <metrics loc="39" ncloc="10" classes="0" methods="0" coveredmethods="0" conditionals="0" coveredconditionals="0" statements="0" coveredstatements="0" elements="0" coveredelements="0"/>
    </file>
    <package name="Cache\Adapter\Common">
      <file name="/Users/user/local-env/php-ratelimiter/vendor/cache/cache/src/Adapter/Common/AbstractCachePool.php">
        <class name="AbstractCachePool" namespace="Cache\Adapter\Common">
          <metrics methods="29" coveredmethods="2" conditionals="0" coveredconditionals="0" statements="152" coveredstatements="39" elements="181" coveredelements="41"/>
        </class>
        <line num="112" type="method" name="__destruct" crap="2" count="0"/>
        <line num="114" type="stmt" count="0"/>
        <line num="115" type="stmt" count="0"/>
        <line num="120" type="method" name="getItem" crap="4.94" count="27"/>
        <line num="122" type="stmt" count="27"/>
        <line num="123" type="stmt" count="27"/>
        <line num="125" type="stmt" count="0"/>
        <line num="126" type="stmt" count="0"/>
        <line num="128" type="stmt" count="0"/>
        <line num="131" type="method" name="anonymous function" crap="2.50" count="27"/>
        <line num="133" type="stmt" count="27"/>
        <line num="134" type="stmt" count="0"/>
        <line num="135" type="stmt" count="0"/>
        <line num="137" type="stmt" count="27"/>
        <line num="139" type="stmt" count="27"/>
        <line num="145" type="method" name="getItems" crap="6" count="0"/>
        <line num="147" type="stmt" count="0"/>
        <line num="148" type="stmt" count="0"/>
        <line num="149" type="stmt" count="0"/>
        <line num="152" type="stmt" count="0"/>
        <line num="158" type="method" name="hasItem" crap="6" count="0"/>
        <line num="161" type="stmt" count="0"/>
        <line num="162" type="stmt" count="0"/>
        <line num="163" type="stmt" count="0"/>
        <line num="165" type="stmt" count="0"/>
        <line num="170" type="method" name="clear" crap="6" count="0"/>
        <line num="173" type="stmt" count="0"/>
        <line num="176" type="stmt" count="0"/>
        <line num="177" type="stmt" count="0"/>
        <line num="178" type="stmt" count="0"/>
        <line num="180" type="stmt" count="0"/>
        <line num="185" type="method" name="deleteItem" crap="3.69" count="27"/>
        <line num="188" type="stmt" count="27"/>
        <line num="189" type="stmt" count="0"/>
        <line num="190" type="stmt" count="0"/>
        <line num="192" type="stmt" count="0"/>
        <line num="197" type="method" name="deleteItems" crap="3" count="27"/>
        <line num="199" type="stmt" count="27"/>
        <line num="200" type="stmt" count="27"/>
        <line num="201" type="stmt" count="27"/>
        <line num="204" type="stmt" count="27"/>
        <line num="207" type="stmt" count="27"/>
        <line num="208" type="stmt" count="27"/>
        <line num="210" type="stmt" count="27"/>
        <line num="211" type="stmt" count="27"/>
        <line num="215" type="stmt" count="27"/>
        <line num="221" type="method" name="save" crap="6.97" count="27"/>
        <line num="223" type="stmt" count="27"/>
        <line num="224" type="stmt" count="0"/>
        <line num="225" type="stmt" count="0"/>
        <line num="228" type="stmt" count="27"/>
        <line num="229" type="stmt" count="27"/>
        <line num="230" type="stmt" count="27"/>
        <line num="231" type="stmt" count="27"/>
        <line num="232" type="stmt" count="5"/>
        <line num="234" type="stmt" count="5"/>
        <line num="235" type="stmt" count="0"/>
        <line num="240" type="stmt" count="27"/>
        <line num="241" type="stmt" count="0"/>
        <line num="242" type="stmt" count="0"/>
        <line num="244" type="stmt" count="0"/>
        <line num="249" type="method" name="saveDeferred" crap="2" count="0"/>
        <line num="251" type="stmt" count="0"/>
        <line num="253" type="stmt" count="0"/>
        <line num="259" type="method" name="commit" crap="3.33" count="27"/>
        <line num="261" type="stmt" count="27"/>
        <line num="262" type="stmt" count="27"/>
        <line num="263" type="stmt" count="0"/>
        <line num="264" type="stmt" count="0"/>
        <line num="267" type="stmt" count="27"/>
        <line num="269" type="stmt" count="27"/>
        <line num="277" type="method" name="validateKey" crap="9.31" count="27"/>
        <line num="279" type="stmt" count="27"/>
        <line num="280" type="stmt" count="0"/>
        <line num="281" type="stmt" count="0"/>
        <line num="283" type="stmt" count="0"/>
        <line num="285" type="stmt" count="27"/>
        <line num="286" type="stmt" count="0"/>
        <line num="287" type="stmt" count="0"/>
        <line num="289" type="stmt" count="27"/>
        <line num="290" type="stmt" count="0"/>
        <line num="291" type="stmt" count="0"/>
        <line num="292" type="stmt" count="0"/>
        <line num="294" type="stmt" count="0"/>
        <line num="296" type="stmt" count="27"/>
        <line num="301" type="method" name="setLogger" crap="2" count="0"/>
        <line num="303" type="stmt" count="0"/>
        <line num="304" type="stmt" count="0"/>
        <line num="313" type="method" name="log" crap="6" count="0"/>
        <line num="315" type="stmt" count="0"/>
        <line num="316" type="stmt" count="0"/>
        <line num="318" type="stmt" count="0"/>
        <line num="328" type="method" name="handleException" crap="12" count="0"/>
        <line num="330" type="stmt" count="0"/>
        <line num="331" type="stmt" count="0"/>
        <line num="332" type="stmt" count="0"/>
        <line num="335" type="stmt" count="0"/>
        <line num="336" type="stmt" count="0"/>
        <line num="337" type="stmt" count="0"/>
        <line num="340" type="stmt" count="0"/>
        <line num="348" type="method" name="invalidateTags" crap="20" count="0"/>
        <line num="350" type="stmt" count="0"/>
        <line num="351" type="stmt" count="0"/>
        <line num="352" type="stmt" count="0"/>
        <line num="356" type="stmt" count="0"/>
        <line num="358" type="stmt" count="0"/>
        <line num="360" type="stmt" count="0"/>
        <line num="361" type="stmt" count="0"/>
        <line num="362" type="stmt" count="0"/>
        <line num="366" type="stmt" count="0"/>
        <line num="369" type="method" name="invalidateTag" crap="2" count="0"/>
        <line num="371" type="stmt" count="0"/>
        <line num="377" type="method" name="saveTags" crap="2.06" count="27"/>
        <line num="379" type="stmt" count="27"/>
        <line num="380" type="stmt" count="27"/>
        <line num="381" type="stmt" count="0"/>
        <line num="383" type="stmt" count="27"/>
        <line num="394" type="method" name="preRemoveItem" crap="1" count="27"/>
        <line num="396" type="stmt" count="27"/>
        <line num="397" type="stmt" count="27"/>
        <line num="399" type="stmt" count="27"/>
        <line num="405" type="method" name="removeTagEntries" crap="2.06" count="27"/>
        <line num="407" type="stmt" count="27"/>
        <line num="408" type="stmt" count="27"/>
        <line num="409" type="stmt" count="0"/>
        <line num="411" type="stmt" count="27"/>
        <line num="418" type="method" name="getTagKey" crap="2" count="0"/>
        <line num="420" type="stmt" count="0"/>
        <line num="426" type="method" name="get" crap="6" count="0"/>
        <line num="428" type="stmt" count="0"/>
        <line num="429" type="stmt" count="0"/>
        <line num="430" type="stmt" count="0"/>
        <line num="433" type="stmt" count="0"/>
        <line num="439" type="method" name="set" crap="2" count="0"/>
        <line num="441" type="stmt" count="0"/>
        <line num="442" type="stmt" count="0"/>
        <line num="443" type="stmt" count="0"/>
        <line num="445" type="stmt" count="0"/>
        <line num="451" type="method" name="delete" crap="2" count="0"/>
        <line num="453" type="stmt" count="0"/>
        <line num="459" type="method" name="getMultiple" crap="12" count="0"/>
        <line num="461" type="stmt" count="0"/>
        <line num="462" type="stmt" count="0"/>
        <line num="463" type="stmt" count="0"/>
        <line num="468" type="stmt" count="0"/>
        <line num="471" type="stmt" count="0"/>
        <line num="473" type="stmt" count="0"/>
        <line num="482" type="method" name="generateValues" crap="12" count="0"/>
        <line num="484" type="stmt" count="0"/>
        <line num="486" type="stmt" count="0"/>
        <line num="487" type="stmt" count="0"/>
        <line num="489" type="stmt" count="0"/>
        <line num="492" type="stmt" count="0"/>
        <line num="497" type="method" name="setMultiple" crap="90" count="0"/>
        <line num="499" type="stmt" count="0"/>
        <line num="500" type="stmt" count="0"/>
        <line num="501" type="stmt" count="0"/>
        <line num="505" type="stmt" count="0"/>
        <line num="506" type="stmt" count="0"/>
        <line num="507" type="stmt" count="0"/>
        <line num="508" type="stmt" count="0"/>
        <line num="509" type="stmt" count="0"/>
        <line num="511" type="stmt" count="0"/>
        <line num="512" type="stmt" count="0"/>
        <line num="513" type="stmt" count="0"/>
        <line num="516" type="stmt" count="0"/>
        <line num="517" type="stmt" count="0"/>
        <line num="518" type="stmt" count="0"/>
        <line num="519" type="stmt" count="0"/>
        <line num="522" type="stmt" count="0"/>
        <line num="523" type="stmt" count="0"/>
        <line num="524" type="stmt" count="0"/>
        <line num="527" type="stmt" count="0"/>
        <line num="530" type="stmt" count="0"/>
        <line num="536" type="method" name="deleteMultiple" crap="12" count="0"/>
        <line num="538" type="stmt" count="0"/>
        <line num="539" type="stmt" count="0"/>
        <line num="540" type="stmt" count="0"/>
        <line num="545" type="stmt" count="0"/>
        <line num="548" type="stmt" count="0"/>
        <line num="554" type="method" name="has" crap="2" count="0"/>
        <line num="556" type="stmt" count="0"/>
        <metrics loc="558" ncloc="362" classes="1" methods="29" coveredmethods="2" conditionals="0" coveredconditionals="0" statements="153" coveredstatements="40" elements="182" coveredelements="42"/>
      </file>
      <file name="/Users/user/local-env/php-ratelimiter/vendor/cache/cache/src/Adapter/Common/CacheItem.php">
        <class name="CacheItem" namespace="Cache\Adapter\Common">
          <metrics methods="14" coveredmethods="7" conditionals="0" coveredconditionals="0" statements="72" coveredstatements="39" elements="86" coveredelements="46"/>
        </class>
        <line num="66" type="method" name="__construct" crap="3.21" count="29"/>
        <line num="68" type="stmt" count="29"/>
        <line num="70" type="stmt" count="29"/>
        <line num="71" type="stmt" count="0"/>
        <line num="72" type="stmt" count="0"/>
        <line num="73" type="stmt" count="29"/>
        <line num="75" type="stmt" count="29"/>
        <line num="77" type="stmt" count="29"/>
        <line num="82" type="method" name="getKey" crap="1" count="27"/>
        <line num="84" type="stmt" count="27"/>
        <line num="90" type="method" name="set" crap="1" count="29"/>
        <line num="92" type="stmt" count="29"/>
        <line num="93" type="stmt" count="29"/>
        <line num="94" type="stmt" count="29"/>
        <line num="96" type="stmt" count="29"/>
        <line num="102" type="method" name="get" crap="2.15" count="28"/>
        <line num="104" type="stmt" count="28"/>
        <line num="105" type="stmt" count="0"/>
        <line num="108" type="stmt" count="28"/>
        <line num="114" type="method" name="isHit" crap="3" count="29"/>
        <line num="116" type="stmt" count="29"/>
        <line num="118" type="stmt" count="29"/>
        <line num="119" type="stmt" count="28"/>
        <line num="122" type="stmt" count="28"/>
        <line num="123" type="stmt" count="5"/>
        <line num="126" type="stmt" count="23"/>
        <line num="132" type="method" name="getExpirationTimestamp" crap="1" count="27"/>
        <line num="134" type="stmt" count="27"/>
        <line num="140" type="method" name="expiresAt" crap="20" count="0"/>
        <line num="142" type="stmt" count="0"/>
        <line num="143" type="stmt" count="0"/>
        <line num="144" type="stmt" count="0"/>
        <line num="145" type="stmt" count="0"/>
        <line num="147" type="stmt" count="0"/>
        <line num="150" type="stmt" count="0"/>
        <line num="156" type="method" name="expiresAfter" crap="5.02" count="28"/>
        <line num="158" type="stmt" count="28"/>
        <line num="159" type="stmt" count="23"/>
        <line num="160" type="stmt" count="5"/>
        <line num="161" type="stmt" count="0"/>
        <line num="162" type="stmt" count="0"/>
        <line num="163" type="stmt" count="0"/>
        <line num="164" type="stmt" count="5"/>
        <line num="165" type="stmt" count="5"/>
        <line num="167" type="stmt" count="0"/>
        <line num="170" type="stmt" count="28"/>
        <line num="176" type="method" name="getPreviousTags" crap="1" count="27"/>
        <line num="178" type="stmt" count="27"/>
        <line num="180" type="stmt" count="27"/>
        <line num="186" type="method" name="getTags" crap="1" count="27"/>
        <line num="188" type="stmt" count="27"/>
        <line num="194" type="method" name="setTags" crap="2" count="0"/>
        <line num="196" type="stmt" count="0"/>
        <line num="197" type="stmt" count="0"/>
        <line num="199" type="stmt" count="0"/>
        <line num="211" type="method" name="tag" crap="72" count="0"/>
        <line num="213" type="stmt" count="0"/>
        <line num="215" type="stmt" count="0"/>
        <line num="216" type="stmt" count="0"/>
        <line num="218" type="stmt" count="0"/>
        <line num="219" type="stmt" count="0"/>
        <line num="220" type="stmt" count="0"/>
        <line num="222" type="stmt" count="0"/>
        <line num="223" type="stmt" count="0"/>
        <line num="225" type="stmt" count="0"/>
        <line num="226" type="stmt" count="0"/>
        <line num="228" type="stmt" count="0"/>
        <line num="229" type="stmt" count="0"/>
        <line num="231" type="stmt" count="0"/>
        <line num="234" type="stmt" count="0"/>
        <line num="240" type="method" name="initialize" crap="5" count="29"/>
        <line num="242" type="stmt" count="29"/>
        <line num="244" type="stmt" count="27"/>
        <line num="245" type="stmt" count="27"/>
        <line num="246" type="stmt" count="27"/>
        <line num="247" type="stmt" count="27"/>
        <line num="248" type="stmt" count="27"/>
        <line num="249" type="stmt" count="27"/>
        <line num="251" type="stmt" count="27"/>
        <line num="252" type="stmt" count="5"/>
        <line num="255" type="stmt" count="27"/>
        <line num="257" type="stmt" count="29"/>
        <line num="264" type="method" name="moveTagsToPrevious" crap="2" count="0"/>
        <line num="266" type="stmt" count="0"/>
        <line num="267" type="stmt" count="0"/>
        <line num="268" type="stmt" count="0"/>
        <metrics loc="269" ncloc="177" classes="1" methods="14" coveredmethods="7" conditionals="0" coveredconditionals="0" statements="72" coveredstatements="39" elements="86" coveredelements="46"/>
      </file>
    </package>
    <package name="Cache\Adapter\Common\Exception">
      <file name="/Users/user/local-env/php-ratelimiter/vendor/cache/cache/src/Adapter/Common/Exception/CacheException.php">
        <class name="CacheException" namespace="Cache\Adapter\Common\Exception">
          <metrics methods="0" coveredmethods="0" conditionals="0" coveredconditionals="0" statements="0" coveredstatements="0" elements="0" coveredelements="0"/>
        </class>
        <metrics loc="23" ncloc="10" classes="1" methods="0" coveredmethods="0" conditionals="0" coveredconditionals="0" statements="0" coveredstatements="0" elements="0" coveredelements="0"/>
      </file>
      <file name="/Users/user/local-env/php-ratelimiter/vendor/cache/cache/src/Adapter/Common/Exception/CachePoolException.php">
        <class name="CachePoolException" namespace="Cache\Adapter\Common\Exception">
          <metrics methods="0" coveredmethods="0" conditionals="0" coveredconditionals="0" statements="0" coveredstatements="0" elements="0" coveredelements="0"/>
        </class>
        <metrics loc="21" ncloc="8" classes="1" methods="0" coveredmethods="0" conditionals="0" coveredconditionals="0" statements="0" coveredstatements="0" elements="0" coveredelements="0"/>
      </file>
    </package>
    <file name="/Users/user/local-env/php-ratelimiter/vendor/cache/cache/src/Adapter/Common/HasExpirationTimestampInterface.php">
      <metrics loc="26" ncloc="9" classes="0" methods="0" coveredmethods="0" conditionals="0" coveredconditionals="0" statements="0" coveredstatements="0" elements="0" coveredelements="0"/>
    </file>
    <file name="/Users/user/local-env/php-ratelimiter/vendor/cache/cache/src/Adapter/Common/PhpCacheItem.php">
      <metrics loc="32" ncloc="11" classes="0" methods="0" coveredmethods="0" conditionals="0" coveredconditionals="0" statements="0" coveredstatements="0" elements="0" coveredelements="0"/>
    </file>
    <file name="/Users/user/local-env/php-ratelimiter/vendor/cache/cache/src/Adapter/Common/PhpCachePool.php">
      <metrics loc="34" ncloc="13" classes="0" methods="0" coveredmethods="0" conditionals="0" coveredconditionals="0" statements="0" coveredstatements="0" elements="0" coveredelements="0"/>
    </file>
    <package name="Cache\Adapter\PHPArray">
      <file name="/Users/user/local-env/php-ratelimiter/vendor/cache/cache/src/Adapter/PHPArray/ArrayCachePool.php">
        <class name="ArrayCachePool" namespace="Cache\Adapter\PHPArray">
          <metrics methods="11" coveredmethods="2" conditionals="0" coveredconditionals="0" statements="50" coveredstatements="23" elements="61" coveredelements="25"/>
        </class>
        <line num="56" type="method" name="__construct" crap="1" count="27"/>
        <line num="58" type="stmt" count="27"/>
        <line num="59" type="stmt" count="27"/>
        <line num="60" type="stmt" count="27"/>
        <line num="65" type="method" name="getItemWithoutGenerateCacheKey" crap="6" count="0"/>
        <line num="67" type="stmt" count="0"/>
        <line num="69" type="stmt" count="0"/>
        <line num="70" type="stmt" count="0"/>
        <line num="72" type="stmt" count="0"/>
        <line num="75" type="stmt" count="0"/>
        <line num="81" type="method" name="fetchObjectFromCache" crap="3.03" count="27"/>
        <line num="83" type="stmt" count="27"/>
        <line num="84" type="stmt" count="27"/>
        <line num="85" type="stmt" count="27"/>
        <line num="88" type="stmt" count="27"/>
        <line num="90" type="stmt" count="27"/>
        <line num="91" type="stmt" count="0"/>
        <line num="94" type="stmt" count="27"/>
        <line num="100" type="method" name="clearAllObjectsFromCache" crap="2" count="0"/>
        <line num="102" type="stmt" count="0"/>
        <line num="104" type="stmt" count="0"/>
        <line num="110" type="method" name="clearOneObjectFromCache" crap="2" count="27"/>
        <line num="112" type="stmt" count="27"/>
        <line num="113" type="stmt" count="27"/>
        <line num="114" type="stmt" count="27"/>
        <line num="115" type="stmt" count="21"/>
        <line num="117" type="stmt" count="27"/>
        <line num="119" type="stmt" count="27"/>
        <line num="121" type="stmt" count="27"/>
        <line num="123" type="stmt" count="27"/>
        <line num="129" type="method" name="storeItemInCache" crap="5.50" count="27"/>
        <line num="131" type="stmt" count="27"/>
        <line num="132" type="stmt" count="27"/>
        <line num="133" type="stmt" count="27"/>
        <line num="134" type="stmt" count="0"/>
        <line num="136" type="stmt" count="27"/>
        <line num="138" type="stmt" count="27"/>
        <line num="140" type="stmt" count="0"/>
        <line num="141" type="stmt" count="0"/>
        <line num="145" type="stmt" count="0"/>
        <line num="148" type="stmt" count="0"/>
        <line num="151" type="stmt" count="27"/>
        <line num="157" type="method" name="getDirectValue" crap="6" count="0"/>
        <line num="159" type="stmt" count="0"/>
        <line num="160" type="stmt" count="0"/>
        <line num="162" type="stmt" count="0"/>
        <line num="167" type="method" name="getList" crap="6" count="0"/>
        <line num="169" type="stmt" count="0"/>
        <line num="170" type="stmt" count="0"/>
        <line num="173" type="stmt" count="0"/>
        <line num="179" type="method" name="removeList" crap="2" count="0"/>
        <line num="181" type="stmt" count="0"/>
        <line num="183" type="stmt" count="0"/>
        <line num="189" type="method" name="appendListItem" crap="2" count="0"/>
        <line num="191" type="stmt" count="0"/>
        <line num="192" type="stmt" count="0"/>
        <line num="197" type="method" name="removeListItem" crap="12" count="0"/>
        <line num="199" type="stmt" count="0"/>
        <line num="200" type="stmt" count="0"/>
        <line num="201" type="stmt" count="0"/>
        <line num="204" type="stmt" count="0"/>
        <metrics loc="205" ncloc="136" classes="1" methods="11" coveredmethods="2" conditionals="0" coveredconditionals="0" statements="50" coveredstatements="23" elements="61" coveredelements="25"/>
      </file>
    </package>
    <package name="Cache\Hierarchy">
      <file name="/Users/user/local-env/php-ratelimiter/vendor/cache/cache/src/Hierarchy/HierarchicalCachePoolTrait.php">
        <class name="HierarchicalCachePoolTrait" namespace="Cache\Hierarchy">
          <metrics methods="5" coveredmethods="2" conditionals="0" coveredconditionals="0" statements="23" coveredstatements="5" elements="28" coveredelements="7"/>
        </class>
        <line num="46" type="method" name="getHierarchyKey" crap="13.69" count="27"/>
        <line num="48" type="stmt" count="27"/>
        <line num="49" type="stmt" count="27"/>
        <line num="52" type="stmt" count="0"/>
        <line num="54" type="stmt" count="0"/>
        <line num="56" type="stmt" count="0"/>
        <line num="59" type="stmt" count="0"/>
        <line num="60" type="stmt" count="0"/>
        <line num="62" type="stmt" count="0"/>
        <line num="63" type="stmt" count="0"/>
        <line num="65" type="stmt" count="0"/>
        <line num="66" type="stmt" count="0"/>
        <line num="71" type="stmt" count="0"/>
        <line num="78" type="stmt" count="0"/>
        <line num="84" type="method" name="clearHierarchyKeyCache" crap="1" count="27"/>
        <line num="86" type="stmt" count="27"/>
        <line num="87" type="stmt" count="27"/>
        <line num="96" type="method" name="isHierarchyKey" crap="1" count="27"/>
        <line num="98" type="stmt" count="27"/>
        <line num="109" type="method" name="explodeKey" crap="6" count="0"/>
        <line num="111" type="stmt" count="0"/>
        <line num="113" type="stmt" count="0"/>
        <line num="114" type="stmt" count="0"/>
        <line num="116" type="stmt" count="0"/>
        <line num="118" type="stmt" count="0"/>
        <line num="121" type="method" name="anonymous function" crap="2" count="0"/>
        <line num="122" type="stmt" count="0"/>
        <line num="123" type="stmt" count="0"/>
        <metrics loc="125" ncloc="57" classes="1" methods="5" coveredmethods="2" conditionals="0" coveredconditionals="0" statements="23" coveredstatements="5" elements="28" coveredelements="7"/>
      </file>
    </package>
    <file name="/Users/user/local-env/php-ratelimiter/vendor/cache/cache/src/Hierarchy/HierarchicalPoolInterface.php">
      <metrics loc="24" ncloc="11" classes="0" methods="0" coveredmethods="0" conditionals="0" coveredconditionals="0" statements="0" coveredstatements="0" elements="0" coveredelements="0"/>
    </file>
    <file name="/Users/user/local-env/php-ratelimiter/vendor/cache/cache/src/TagInterop/TaggableCacheItemInterface.php">
      <metrics loc="43" ncloc="14" classes="0" methods="0" coveredmethods="0" conditionals="0" coveredconditionals="0" statements="0" coveredstatements="0" elements="0" coveredelements="0"/>
    </file>
    <file name="/Users/user/local-env/php-ratelimiter/vendor/cache/cache/src/TagInterop/TaggableCacheItemPoolInterface.php">
      <metrics loc="60" ncloc="18" classes="0" methods="0" coveredmethods="0" conditionals="0" coveredconditionals="0" statements="0" coveredstatements="0" elements="0" coveredelements="0"/>
    </file>
    <file name="/Users/user/local-env/php-ratelimiter/vendor/guzzlehttp/guzzle/src/functions.php">
      <line num="19" type="stmt" count="0"/>
      <line num="25" type="stmt" count="0"/>
      <line num="26" type="stmt" count="0"/>
      <line num="27" type="stmt" count="0"/>
      <line num="30" type="stmt" count="0"/>
      <line num="43" type="stmt" count="0"/>
      <line num="44" type="stmt" count="0"/>
      <line num="45" type="stmt" count="0"/>
      <line num="46" type="stmt" count="0"/>
      <line num="47" type="stmt" count="0"/>
      <line num="49" type="stmt" count="0"/>
      <line num="50" type="stmt" count="0"/>
      <line num="52" type="stmt" count="0"/>
      <line num="65" type="stmt" count="0"/>
      <line num="67" type="stmt" count="0"/>
      <line num="68" type="stmt" count="0"/>
      <line num="69" type="stmt" count="0"/>
      <line num="70" type="stmt" count="0"/>
      <line num="71" type="stmt" count="0"/>
      <line num="74" type="stmt" count="0"/>
      <line num="86" type="stmt" count="0"/>
      <line num="87" type="stmt" count="0"/>
      <line num="88" type="stmt" count="0"/>
      <line num="89" type="stmt" count="0"/>
      <line num="92" type="stmt" count="0"/>
      <line num="105" type="stmt" count="0"/>
      <line num="106" type="stmt" count="0"/>
      <line num="107" type="stmt" count="0"/>
      <line num="108" type="stmt" count="0"/>
      <line num="109" type="stmt" count="0"/>
      <line num="110" type="stmt" count="0"/>
      <line num="111" type="stmt" count="0"/>
      <line num="114" type="stmt" count="0"/>
      <line num="115" type="stmt" count="0"/>
      <line num="116" type="stmt" count="0"/>
      <line num="117" type="stmt" count="0"/>
      <line num="118" type="stmt" count="0"/>
      <line num="119" type="stmt" count="0"/>
      <line num="120" type="stmt" count="0"/>
      <line num="123" type="stmt" count="0"/>
      <line num="133" type="stmt" count="0"/>
      <line num="135" type="stmt" count="0"/>
      <line num="136" type="stmt" count="0"/>
      <line num="137" type="stmt" count="0"/>
      <line num="138" type="stmt" count="0"/>
      <line num="140" type="stmt" count="0"/>
      <line num="143" type="stmt" count="0"/>
      <line num="162" type="stmt" count="0"/>
      <line num="163" type="stmt" count="0"/>
      <line num="181" type="stmt" count="0"/>
      <line num="182" type="stmt" count="0"/>
      <line num="185" type="stmt" count="0"/>
      <line num="186" type="stmt" count="0"/>
      <line num="189" type="stmt" count="0"/>
      <line num="190" type="stmt" count="0"/>
      <line num="193" type="stmt" count="0"/>
      <line num="194" type="stmt" count="0"/>
      <line num="195" type="stmt" count="0"/>
      <line num="199" type="stmt" count="0"/>
      <line num="200" type="stmt" count="0"/>
      <line num="226" type="stmt" count="0"/>
      <line num="227" type="stmt" count="0"/>
      <line num="228" type="stmt" count="0"/>
      <line num="231" type="stmt" count="0"/>
      <line num="255" type="stmt" count="0"/>
      <line num="256" type="stmt" count="0"/>
      <line num="260" type="stmt" count="0"/>
      <line num="261" type="stmt" count="0"/>
      <line num="264" type="stmt" count="0"/>
      <line num="266" type="stmt" count="0"/>
      <line num="267" type="stmt" count="0"/>
      <line num="268" type="stmt" count="0"/>
      <line num="270" type="stmt" count="0"/>
      <line num="271" type="stmt" count="0"/>
      <line num="273" type="stmt" count="0"/>
      <line num="277" type="stmt" count="0"/>
      <line num="278" type="stmt" count="0"/>
      <line num="279" type="stmt" count="0"/>
      <line num="284" type="stmt" count="0"/>
      <line num="302" type="stmt" count="0"/>
      <line num="303" type="stmt" count="0"/>
      <line num="304" type="stmt" count="0"/>
      <line num="305" type="stmt" count="0"/>
      <line num="308" type="stmt" count="0"/>
      <line num="324" type="stmt" count="0"/>
      <line num="325" type="stmt" count="0"/>
      <line num="326" type="stmt" count="0"/>
      <line num="327" type="stmt" count="0"/>
      <line num="330" type="stmt" count="0"/>
      <metrics loc="331" ncloc="191" classes="0" methods="0" coveredmethods="0" conditionals="0" coveredconditionals="0" statements="89" coveredstatements="0" elements="89" coveredelements="0"/>
    </file>
    <file name="/Users/user/local-env/php-ratelimiter/vendor/guzzlehttp/promises/src/functions.php">
      <line num="23" type="stmt" count="0"/>
      <line num="25" type="stmt" count="0"/>
      <line num="26" type="stmt" count="0"/>
      <line num="27" type="stmt" count="0"/>
      <line num="28" type="stmt" count="0"/>
      <line num="31" type="stmt" count="0"/>
      <line num="44" type="stmt" count="0"/>
      <line num="45" type="stmt" count="0"/>
      <line num="48" type="stmt" count="0"/>
      <line num="49" type="stmt" count="0"/>
      <line num="50" type="stmt" count="0"/>
      <line num="51" type="stmt" count="0"/>
      <line num="52" type="stmt" count="0"/>
      <line num="54" type="stmt" count="0"/>
      <line num="56" type="stmt" count="0"/>
      <line num="68" type="stmt" count="0"/>
      <line num="69" type="stmt" count="0"/>
      <line num="73" type="stmt" count="0"/>
      <line num="74" type="stmt" count="0"/>
      <line num="75" type="stmt" count="0"/>
      <line num="76" type="stmt" count="0"/>
      <line num="77" type="stmt" count="0"/>
      <line num="78" type="stmt" count="0"/>
      <line num="81" type="stmt" count="0"/>
      <line num="94" type="stmt" count="0"/>
      <line num="95" type="stmt" count="0"/>
      <line num="98" type="stmt" count="0"/>
      <line num="110" type="stmt" count="0"/>
      <line num="111" type="stmt" count="0"/>
      <line num="112" type="stmt" count="0"/>
      <line num="124" type="stmt" count="0"/>
      <line num="125" type="stmt" count="0"/>
      <line num="126" type="stmt" count="0"/>
      <line num="127" type="stmt" count="0"/>
      <line num="129" type="stmt" count="0"/>
      <line num="151" type="stmt" count="0"/>
      <line num="152" type="stmt" count="0"/>
      <line num="154" type="stmt" count="0"/>
      <line num="155" type="stmt" count="0"/>
      <line num="156" type="stmt" count="0"/>
      <line num="157" type="stmt" count="0"/>
      <line num="158" type="stmt" count="0"/>
      <line num="159" type="stmt" count="0"/>
      <line num="176" type="stmt" count="0"/>
      <line num="177" type="stmt" count="0"/>
      <line num="178" type="stmt" count="0"/>
      <line num="181" type="stmt" count="0"/>
      <line num="199" type="stmt" count="0"/>
      <line num="200" type="stmt" count="0"/>
      <line num="201" type="stmt" count="0"/>
      <line num="204" type="stmt" count="0"/>
      <line num="221" type="stmt" count="0"/>
      <line num="222" type="stmt" count="0"/>
      <line num="223" type="stmt" count="0"/>
      <line num="225" type="stmt" count="0"/>
      <line num="226" type="stmt" count="0"/>
      <line num="228" type="stmt" count="0"/>
      <line num="229" type="stmt" count="0"/>
      <line num="231" type="stmt" count="0"/>
      <line num="232" type="stmt" count="0"/>
      <line num="233" type="stmt" count="0"/>
      <line num="254" type="stmt" count="0"/>
      <line num="255" type="stmt" count="0"/>
      <line num="257" type="stmt" count="0"/>
      <line num="258" type="stmt" count="0"/>
      <line num="260" type="stmt" count="0"/>
      <line num="261" type="stmt" count="0"/>
      <line num="263" type="stmt" count="0"/>
      <line num="264" type="stmt" count="0"/>
      <line num="265" type="stmt" count="0"/>
      <line num="267" type="stmt" count="0"/>
      <line num="269" type="stmt" count="0"/>
      <line num="270" type="stmt" count="0"/>
      <line num="271" type="stmt" count="0"/>
      <line num="273" type="stmt" count="0"/>
      <line num="274" type="stmt" count="0"/>
      <line num="275" type="stmt" count="0"/>
      <line num="276" type="stmt" count="0"/>
      <line num="279" type="stmt" count="0"/>
      <line num="280" type="stmt" count="0"/>
      <line num="281" type="stmt" count="0"/>
      <line num="311" type="stmt" count="0"/>
      <line num="313" type="stmt" count="0"/>
      <line num="314" type="stmt" count="0"/>
      <line num="316" type="stmt" count="0"/>
      <line num="317" type="stmt" count="0"/>
      <line num="319" type="stmt" count="0"/>
      <line num="320" type="stmt" count="0"/>
      <line num="322" type="stmt" count="0"/>
      <line num="323" type="stmt" count="0"/>
      <line num="324" type="stmt" count="0"/>
      <line num="351" type="stmt" count="0"/>
      <line num="352" type="stmt" count="0"/>
      <line num="353" type="stmt" count="0"/>
      <line num="354" type="stmt" count="0"/>
      <line num="378" type="stmt" count="0"/>
      <line num="379" type="stmt" count="0"/>
      <line num="380" type="stmt" count="0"/>
      <line num="381" type="stmt" count="0"/>
      <line num="382" type="stmt" count="0"/>
      <line num="401" type="stmt" count="0"/>
      <line num="402" type="stmt" count="0"/>
      <line num="403" type="stmt" count="0"/>
      <line num="404" type="stmt" count="0"/>
      <line num="406" type="stmt" count="0"/>
      <line num="407" type="stmt" count="0"/>
      <line num="420" type="stmt" count="0"/>
      <line num="432" type="stmt" count="0"/>
      <line num="444" type="stmt" count="0"/>
      <line num="456" type="stmt" count="0"/>
      <metrics loc="457" ncloc="243" classes="0" methods="0" coveredmethods="0" conditionals="0" coveredconditionals="0" statements="110" coveredstatements="0" elements="110" coveredelements="0"/>
    </file>
    <file name="/Users/user/local-env/php-ratelimiter/vendor/guzzlehttp/psr7/src/functions.php">
      <line num="20" type="stmt" count="0"/>
      <line num="21" type="stmt" count="0"/>
      <line num="22" type="stmt" count="0"/>
      <line num="23" type="stmt" count="0"/>
      <line num="24" type="stmt" count="0"/>
      <line num="25" type="stmt" count="0"/>
      <line num="27" type="stmt" count="0"/>
      <line num="28" type="stmt" count="0"/>
      <line num="29" type="stmt" count="0"/>
      <line num="30" type="stmt" count="0"/>
      <line num="32" type="stmt" count="0"/>
      <line num="35" type="stmt" count="0"/>
      <line num="36" type="stmt" count="0"/>
      <line num="39" type="stmt" count="0"/>
      <line num="56" type="stmt" count="0"/>
      <line num="57" type="stmt" count="0"/>
      <line num="58" type="stmt" count="0"/>
      <line num="59" type="stmt" count="0"/>
      <line num="62" type="stmt" count="0"/>
      <line num="80" type="stmt" count="0"/>
      <line num="81" type="stmt" count="0"/>
      <line num="82" type="stmt" count="0"/>
      <line num="83" type="stmt" count="0"/>
      <line num="84" type="stmt" count="0"/>
      <line num="86" type="stmt" count="0"/>
      <line num="89" type="stmt" count="0"/>
      <line num="90" type="stmt" count="0"/>
      <line num="91" type="stmt" count="0"/>
      <line num="92" type="stmt" count="0"/>
      <line num="93" type="stmt" count="0"/>
      <line num="94" type="stmt" count="0"/>
      <line num="95" type="stmt" count="0"/>
      <line num="97" type="stmt" count="0"/>
      <line num="98" type="stmt" count="0"/>
[...]
        <line num="13" type="stmt" count="1"/>
        <line num="14" type="stmt" count="1"/>
        <line num="16" type="method" name="generate" crap="3" count="5"/>
        <line num="18" type="stmt" count="5"/>
        <line num="19" type="stmt" count="5"/>
        <line num="21" type="stmt" count="5"/>
        <line num="23" type="stmt" count="5"/>
        <line num="24" type="stmt" count="5"/>
        <line num="27" type="stmt" count="5"/>
        <line num="30" type="method" name="addPass" crap="2" count="0"/>
        <line num="32" type="stmt" count="0"/>
        <line num="33" type="stmt" count="0"/>
        <metrics loc="34" ncloc="34" classes="1" methods="3" coveredmethods="2" conditionals="0" coveredconditionals="0" statements="10" coveredstatements="8" elements="13" coveredelements="10"/>
      </file>
    </package>
    <file name="/Users/user/local-env/php-ratelimiter/vendor/mockery/mockery/library/Mockery/Generator/Generator.php">
      <metrics loc="9" ncloc="8" classes="0" methods="0" coveredmethods="0" conditionals="0" coveredconditionals="0" statements="0" coveredstatements="0" elements="0" coveredelements="0"/>
    </file>
    <package name="Mockery\Generator\StringManipulation\Pass">
      <file name="/Users/user/local-env/php-ratelimiter/vendor/mockery/mockery/library/Mockery/Generator/StringManipulation/Pass/CallTypeHintPass.php">
        <class name="CallTypeHintPass" namespace="Mockery\Generator\StringManipulation\Pass">
          <metrics methods="1" coveredmethods="0" conditionals="0" coveredconditionals="0" statements="11" coveredstatements="3" elements="12" coveredelements="3"/>
        </class>
        <line num="9" type="method" name="apply" crap="6.46" count="5"/>
        <line num="11" type="stmt" count="5"/>
        <line num="12" type="stmt" count="0"/>
        <line num="13" type="stmt" count="0"/>
        <line num="14" type="stmt" count="0"/>
        <line num="15" type="stmt" count="0"/>
        <line num="19" type="stmt" count="5"/>
        <line num="20" type="stmt" count="0"/>
        <line num="21" type="stmt" count="0"/>
        <line num="22" type="stmt" count="0"/>
        <line num="23" type="stmt" count="0"/>
        <line num="27" type="stmt" count="5"/>
        <metrics loc="29" ncloc="29" classes="1" methods="1" coveredmethods="0" conditionals="0" coveredconditionals="0" statements="11" coveredstatements="3" elements="12" coveredelements="3"/>
      </file>
      <file name="/Users/user/local-env/php-ratelimiter/vendor/mockery/mockery/library/Mockery/Generator/StringManipulation/Pass/ClassNamePass.php">
        <class name="ClassNamePass" namespace="Mockery\Generator\StringManipulation\Pass">
          <metrics methods="1" coveredmethods="1" conditionals="0" coveredconditionals="0" statements="12" coveredstatements="12" elements="13" coveredelements="13"/>
        </class>
        <line num="9" type="method" name="apply" crap="2" count="5"/>
        <line num="11" type="stmt" count="5"/>
        <line num="13" type="stmt" count="5"/>
        <line num="15" type="stmt" count="5"/>
        <line num="17" type="stmt" count="5"/>
        <line num="18" type="stmt" count="5"/>
        <line num="19" type="stmt" count="5"/>
        <line num="20" type="stmt" count="5"/>
        <line num="23" type="stmt" count="5"/>
        <line num="24" type="stmt" count="5"/>
        <line num="25" type="stmt" count="5"/>
        <line num="26" type="stmt" count="5"/>
        <line num="29" type="stmt" count="5"/>
        <metrics loc="31" ncloc="31" classes="1" methods="1" coveredmethods="1" conditionals="0" coveredconditionals="0" statements="12" coveredstatements="12" elements="13" coveredelements="13"/>
      </file>
      <file name="/Users/user/local-env/php-ratelimiter/vendor/mockery/mockery/library/Mockery/Generator/StringManipulation/Pass/ClassPass.php">
        <class name="ClassPass" namespace="Mockery\Generator\StringManipulation\Pass">
          <metrics methods="1" coveredmethods="0" conditionals="0" coveredconditionals="0" statements="20" coveredstatements="3" elements="21" coveredelements="3"/>
        </class>
        <line num="9" type="method" name="apply" crap="20.35" count="5"/>
        <line num="11" type="stmt" count="5"/>
        <line num="13" type="stmt" count="5"/>
        <line num="14" type="stmt" count="5"/>
        <line num="17" type="stmt" count="0"/>
        <line num="18" type="stmt" count="0"/>
        <line num="21" type="stmt" count="0"/>
        <line num="22" type="stmt" count="0"/>
        <line num="23" type="stmt" count="0"/>
        <line num="25" type="stmt" count="0"/>
        <line num="26" type="stmt" count="0"/>
        <line num="29" type="stmt" count="0"/>
        <line num="36" type="stmt" count="0"/>
        <line num="37" type="stmt" count="0"/>
        <line num="38" type="stmt" count="0"/>
        <line num="39" type="stmt" count="0"/>
        <line num="42" type="stmt" count="0"/>
        <line num="43" type="stmt" count="0"/>
        <line num="44" type="stmt" count="0"/>
        <line num="45" type="stmt" count="0"/>
        <line num="48" type="stmt" count="0"/>
        <metrics loc="50" ncloc="45" classes="1" methods="1" coveredmethods="0" conditionals="0" coveredconditionals="0" statements="20" coveredstatements="3" elements="21" coveredelements="3"/>
      </file>
      <file name="/Users/user/local-env/php-ratelimiter/vendor/mockery/mockery/library/Mockery/Generator/StringManipulation/Pass/InstanceMockPass.php">
        <class name="InstanceMockPass" namespace="Mockery\Generator\StringManipulation\Pass">
          <metrics methods="2" coveredmethods="0" conditionals="0" coveredconditionals="0" statements="6" coveredstatements="2" elements="8" coveredelements="2"/>
        </class>
        <line num="42" type="method" name="apply" crap="2.15" count="5"/>
        <line num="44" type="stmt" count="5"/>
        <line num="45" type="stmt" count="0"/>
        <line num="48" type="stmt" count="5"/>
        <line num="51" type="method" name="appendToClass" crap="2" count="0"/>
        <line num="53" type="stmt" count="0"/>
        <line num="54" type="stmt" count="0"/>
        <line num="55" type="stmt" count="0"/>
        <metrics loc="57" ncloc="57" classes="1" methods="2" coveredmethods="0" conditionals="0" coveredconditionals="0" statements="6" coveredstatements="2" elements="8" coveredelements="2"/>
      </file>
      <file name="/Users/user/local-env/php-ratelimiter/vendor/mockery/mockery/library/Mockery/Generator/StringManipulation/Pass/InterfacePass.php">
        <class name="InterfacePass" namespace="Mockery\Generator\StringManipulation\Pass">
          <metrics methods="1" coveredmethods="1" conditionals="0" coveredconditionals="0" statements="2" coveredstatements="2" elements="3" coveredelements="3"/>
        </class>
        <line num="11" type="method" name="anonymous function" crap="1" count="5"/>
        <line num="12" type="stmt" count="5"/>
        <line num="13" type="stmt" count="5"/>
        <line num="15" type="stmt" count="5"/>
        <line num="16" type="stmt" count="5"/>
        <line num="17" type="stmt" count="5"/>
        <line num="18" type="stmt" count="5"/>
        <line num="21" type="stmt" count="5"/>
        <metrics loc="23" ncloc="23" classes="1" methods="1" coveredmethods="1" conditionals="0" coveredconditionals="0" statements="7" coveredstatements="7" elements="8" coveredelements="8"/>
      </file>
      <file name="/Users/user/local-env/php-ratelimiter/vendor/mockery/mockery/library/Mockery/Generator/StringManipulation/Pass/MethodDefinitionPass.php">
        <class name="MethodDefinitionPass" namespace="Mockery\Generator\StringManipulation\Pass">
          <metrics methods="6" coveredmethods="2" conditionals="0" coveredconditionals="0" statements="66" coveredstatements="48" elements="72" coveredelements="50"/>
        </class>
        <line num="10" type="method" name="apply" crap="6.56" count="5"/>
        <line num="12" type="stmt" count="5"/>
        <line num="13" type="stmt" count="5"/>
        <line num="14" type="stmt" count="5"/>
        <line num="15" type="stmt" count="0"/>
        <line num="16" type="stmt" count="0"/>
        <line num="18" type="stmt" count="0"/>
        <line num="21" type="stmt" count="5"/>
        <line num="22" type="stmt" count="0"/>
        <line num="25" type="stmt" count="5"/>
        <line num="26" type="stmt" count="5"/>
        <line num="27" type="stmt" count="5"/>
        <line num="28" type="stmt" count="5"/>
        <line num="29" type="stmt" count="5"/>
        <line num="30" type="stmt" count="5"/>
        <line num="32" type="stmt" count="5"/>
        <line num="35" type="stmt" count="5"/>
        <line num="38" type="method" name="renderParams" crap="9.76" count="5"/>
        <line num="40" type="stmt" count="5"/>
        <line num="41" type="stmt" count="5"/>
        <line num="42" type="stmt" count="0"/>
        <line num="44" type="stmt" count="0"/>
        <line num="45" type="stmt" count="0"/>
        <line num="49" type="stmt" count="5"/>
        <line num="50" type="stmt" count="5"/>
        <line num="51" type="stmt" count="5"/>
        <line num="52" type="stmt" count="5"/>
        <line num="53" type="stmt" count="5"/>
        <line num="54" type="stmt" count="5"/>
        <line num="55" type="stmt" count="5"/>
        <line num="57" type="stmt" count="5"/>
        <line num="58" type="stmt" count="5"/>
        <line num="59" type="stmt" count="1"/>
        <line num="60" type="stmt" count="5"/>
        <line num="61" type="stmt" count="0"/>
        <line num="65" type="stmt" count="5"/>
        <line num="67" type="stmt" count="5"/>
        <line num="70" type="method" name="renderReturnType" crap="2" count="5"/>
        <line num="72" type="stmt" count="5"/>
        <line num="73" type="stmt" count="5"/>
        <line num="76" type="method" name="appendToClass" crap="1" count="5"/>
        <line num="78" type="stmt" count="5"/>
        <line num="79" type="stmt" count="5"/>
        <line num="80" type="stmt" count="5"/>
        <line num="83" type="method" name="renderMethodBody" crap="9.94" count="5"/>
        <line num="85" type="stmt" count="5"/>
        <line num="87" type="stmt" count="5"/>
        <line num="96" type="stmt" count="5"/>
        <line num="97" type="stmt" count="5"/>
        <line num="98" type="stmt" count="5"/>
        <line num="99" type="stmt" count="5"/>
        <line num="100" type="stmt" count="0"/>
        <line num="101" type="stmt" count="0"/>
        <line num="102" type="stmt" count="0"/>
        <line num="103" type="stmt" count="0"/>
        <line num="104" type="stmt" count="0"/>
        <line num="106" type="stmt" count="0"/>
        <line num="107" type="stmt" count="0"/>
        <line num="114" type="stmt" count="5"/>
        <line num="115" type="stmt" count="5"/>
        <line num="116" type="stmt" count="5"/>
        <line num="117" type="stmt" count="5"/>
        <line num="118" type="stmt" count="5"/>
        <line num="119" type="stmt" count="5"/>
        <line num="122" type="stmt" count="0"/>
        <line num="123" type="stmt" count="0"/>
        <line num="130" type="stmt" count="5"/>
        <line num="132" type="stmt" count="5"/>
        <line num="135" type="method" name="getReturnStatement" crap="2.15" count="5"/>
        <line num="137" type="stmt" count="5"/>
        <line num="139" type="stmt" count="0"/>
        <line num="145" type="stmt" count="5"/>
        <metrics loc="150" ncloc="144" classes="1" methods="6" coveredmethods="2" conditionals="0" coveredconditionals="0" statements="66" coveredstatements="48" elements="72" coveredelements="50"/>
      </file>
      <file name="/Users/user/local-env/php-ratelimiter/vendor/mockery/mockery/library/Mockery/Generator/StringManipulation/Pass/RemoveBuiltinMethodsThatAreFinalPass.php">
        <class name="RemoveBuiltinMethodsThatAreFinalPass" namespace="Mockery\Generator\StringManipulation\Pass">
          <metrics methods="1" coveredmethods="0" conditionals="0" coveredconditionals="0" statements="7" coveredstatements="3" elements="8" coveredelements="3"/>
        </class>
        <line num="19" type="method" name="apply" crap="9.66" count="5"/>
        <line num="21" type="stmt" count="5"/>
        <line num="23" type="stmt" count="5"/>
        <line num="24" type="stmt" count="5"/>
        <line num="27" type="stmt" count="0"/>
        <line num="28" type="stmt" count="0"/>
        <line num="29" type="stmt" count="0"/>
        <line num="33" type="stmt" count="0"/>
        <metrics loc="35" ncloc="29" classes="1" methods="1" coveredmethods="0" conditionals="0" coveredconditionals="0" statements="7" coveredstatements="3" elements="8" coveredelements="3"/>
      </file>
      <file name="/Users/user/local-env/php-ratelimiter/vendor/mockery/mockery/library/Mockery/Generator/StringManipulation/Pass/RemoveUnserializeForInternalSerializableClassesPass.php">
        <class name="RemoveUnserializeForInternalSerializableClassesPass" namespace="Mockery\Generator\StringManipulation\Pass">
          <metrics methods="2" coveredmethods="0" conditionals="0" coveredconditionals="0" statements="10" coveredstatements="3" elements="12" coveredelements="3"/>
        </class>
        <line num="17" type="method" name="apply" crap="6.99" count="5"/>
        <line num="19" type="stmt" count="5"/>
        <line num="21" type="stmt" count="5"/>
        <line num="22" type="stmt" count="5"/>
        <line num="25" type="stmt" count="0"/>
        <line num="26" type="stmt" count="0"/>
        <line num="29" type="stmt" count="0"/>
        <line num="31" type="stmt" count="0"/>
        <line num="34" type="method" name="appendToClass" crap="2" count="0"/>
        <line num="36" type="stmt" count="0"/>
        <line num="37" type="stmt" count="0"/>
        <line num="38" type="stmt" count="0"/>
        <metrics loc="40" ncloc="34" classes="1" methods="2" coveredmethods="0" conditionals="0" coveredconditionals="0" statements="10" coveredstatements="3" elements="12" coveredelements="3"/>
      </file>
    </package>
    <file name="/Users/user/local-env/php-ratelimiter/vendor/mockery/mockery/library/Mockery/Generator/StringManipulation/Pass/Pass.php">
      <metrics loc="10" ncloc="10" classes="0" methods="0" coveredmethods="0" conditionals="0" coveredconditionals="0" statements="0" coveredstatements="0" elements="0" coveredelements="0"/>
    </file>
    <package name="Mockery\Loader">
      <file name="/Users/user/local-env/php-ratelimiter/vendor/mockery/mockery/library/Mockery/Loader/EvalLoader.php">
        <class name="EvalLoader" namespace="Mockery\Loader">
          <metrics methods="1" coveredmethods="1" conditionals="0" coveredconditionals="0" statements="4" coveredstatements="4" elements="5" coveredelements="5"/>
        </class>
        <line num="10" type="method" name="load" crap="2" count="45"/>
        <line num="12" type="stmt" count="45"/>
        <line num="13" type="stmt" count="41"/>
        <line num="16" type="stmt" count="5"/>
        <line num="17" type="stmt" count="5"/>
        <metrics loc="18" ncloc="18" classes="1" methods="1" coveredmethods="1" conditionals="0" coveredconditionals="0" statements="4" coveredstatements="4" elements="5" coveredelements="5"/>
      </file>
    </package>
    <file name="/Users/user/local-env/php-ratelimiter/vendor/mockery/mockery/library/Mockery/Loader/Loader.php">
      <metrics loc="10" ncloc="10" classes="0" methods="0" coveredmethods="0" conditionals="0" coveredconditionals="0" statements="0" coveredstatements="0" elements="0" coveredelements="0"/>
    </file>
    <package name="Mockery\Matcher">
      <file name="/Users/user/local-env/php-ratelimiter/vendor/mockery/mockery/library/Mockery/Matcher/MatcherAbstract.php">
        <class name="MatcherAbstract" namespace="Mockery\Matcher">
          <metrics methods="1" coveredmethods="1" conditionals="0" coveredconditionals="0" statements="2" coveredstatements="2" elements="3" coveredelements="3"/>
        </class>
        <line num="38" type="method" name="__construct" crap="1" count="3"/>
        <line num="40" type="stmt" count="3"/>
        <line num="41" type="stmt" count="3"/>
        <metrics loc="59" ncloc="18" classes="1" methods="1" coveredmethods="1" conditionals="0" coveredconditionals="0" statements="2" coveredstatements="2" elements="3" coveredelements="3"/>
      </file>
      <file name="/Users/user/local-env/php-ratelimiter/vendor/mockery/mockery/library/Mockery/Matcher/Type.php">
        <class name="Type" namespace="Mockery\Matcher">
          <metrics methods="2" coveredmethods="0" conditionals="0" coveredconditionals="0" statements="8" coveredstatements="5" elements="10" coveredelements="5"/>
        </class>
        <line num="32" type="method" name="match" crap="5.58" count="3"/>
        <line num="34" type="stmt" count="3"/>
        <line num="35" type="stmt" count="3"/>
        <line num="36" type="stmt" count="0"/>
        <line num="37" type="stmt" count="3"/>
        <line num="38" type="stmt" count="3"/>
        <line num="39" type="stmt" count="3"/>
        <line num="41" type="stmt" count="0"/>
        <line num="49" type="method" name="__toString" crap="2" count="0"/>
        <line num="51" type="stmt" count="0"/>
        <metrics loc="53" ncloc="24" classes="1" methods="2" coveredmethods="0" conditionals="0" coveredconditionals="0" statements="8" coveredstatements="5" elements="10" coveredelements="5"/>
      </file>
    </package>
    <file name="/Users/user/local-env/php-ratelimiter/vendor/mockery/mockery/library/Mockery/MockInterface.php">
      <metrics loc="242" ncloc="64" classes="0" methods="0" coveredmethods="0" conditionals="0" coveredconditionals="0" statements="0" coveredstatements="0" elements="0" coveredelements="0"/>
    </file>
    <file name="/Users/user/local-env/php-ratelimiter/vendor/psr/cache/src/CacheException.php">
      <metrics loc="10" ncloc="7" classes="0" methods="0" coveredmethods="0" conditionals="0" coveredconditionals="0" statements="0" coveredstatements="0" elements="0" coveredelements="0"/>
    </file>
    <file name="/Users/user/local-env/php-ratelimiter/vendor/psr/cache/src/CacheItemInterface.php">
      <metrics loc="105" ncloc="18" classes="0" methods="0" coveredmethods="0" conditionals="0" coveredconditionals="0" statements="0" coveredstatements="0" elements="0" coveredelements="0"/>
    </file>
    <file name="/Users/user/local-env/php-ratelimiter/vendor/psr/cache/src/CacheItemPoolInterface.php">
      <metrics loc="138" ncloc="24" classes="0" methods="0" coveredmethods="0" conditionals="0" coveredconditionals="0" statements="0" coveredstatements="0" elements="0" coveredelements="0"/>
    </file>
    <file name="/Users/user/local-env/php-ratelimiter/vendor/psr/log/Psr/Log/LoggerAwareInterface.php">
      <metrics loc="18" ncloc="8" classes="0" methods="0" coveredmethods="0" conditionals="0" coveredconditionals="0" statements="0" coveredstatements="0" elements="0" coveredelements="0"/>
    </file>
    <file name="/Users/user/local-env/php-ratelimiter/vendor/psr/simple-cache/src/CacheInterface.php">
      <metrics loc="114" ncloc="22" classes="0" methods="0" coveredmethods="0" conditionals="0" coveredconditionals="0" statements="0" coveredstatements="0" elements="0" coveredelements="0"/>
    </file>
    <file name="/Users/user/local-env/php-ratelimiter/vendor/symfony/polyfill-mbstring/bootstrap.php">
      <metrics loc="56" ncloc="48" classes="0" methods="0" coveredmethods="0" conditionals="0" coveredconditionals="0" statements="0" coveredstatements="0" elements="0" coveredelements="0"/>
    </file>
    <metrics files="93" loc="11694" ncloc="6915" classes="62" methods="408" coveredmethods="174" conditionals="0" coveredconditionals="0" statements="2377" coveredstatements="932" elements="2785" coveredelements="1106"/>
  </project>
</coverage>
